d:\source code\c++\dronelib 2.0\debug\vc120.pdb
d:\source code\c++\dronelib 2.0\debug\vc120.idb
d:\source code\c++\dronelib 2.0\debug\command.obj
d:\source code\c++\dronelib 2.0\debug\drone.obj
d:\source code\c++\dronelib 2.0\debug\dronedata.obj
d:\source code\c++\dronelib 2.0\debug\eventhandler.obj
d:\source code\c++\dronelib 2.0\debug\imagepro.obj
d:\source code\c++\dronelib 2.0\debug\jsonparser.obj
d:\source code\c++\dronelib 2.0\debug\logger.obj
d:\source code\c++\dronelib 2.0\debug\main.obj
d:\source code\c++\dronelib 2.0\debug\network.obj
d:\source code\c++\dronelib 2.0\debug\pool.obj
d:\source code\c++\dronelib 2.0\debug\utils.obj
d:\source code\c++\dronelib 2.0\debug\stream.obj
d:\source code\c++\dronelib 2.0\debug\tcpclient.obj
d:\source code\c++\dronelib 2.0\debug\udpsocket.obj
d:\source code\c++\dronelib 2.0\debug\dronelib 2.0.ilk
d:\source code\c++\dronelib 2.0\debug\dronelib 2.0.exe
d:\source code\c++\dronelib 2.0\debug\dronelib 2.0.pdb
d:\source code\c++\dronelib 2.0\debug\dronelib 2.0.tlog\cl.command.1.tlog
d:\source code\c++\dronelib 2.0\debug\dronelib 2.0.tlog\cl.read.1.tlog
d:\source code\c++\dronelib 2.0\debug\dronelib 2.0.tlog\cl.write.1.tlog
d:\source code\c++\dronelib 2.0\debug\dronelib 2.0.tlog\link.command.1.tlog
d:\source code\c++\dronelib 2.0\debug\dronelib 2.0.tlog\link.read.1.tlog
d:\source code\c++\dronelib 2.0\debug\dronelib 2.0.tlog\link.write.1.tlog
